\BOOKMARK [0][-]{section*.1}{Contents}{}% 1
\BOOKMARK [0][-]{chapter.1}{Pro-C groups}{}% 2
\BOOKMARK [1][-]{section.1.1}{Topological preliminaries}{chapter.1}% 3
\BOOKMARK [1][-]{section.1.2}{Pro-C groups}{chapter.1}% 4
\BOOKMARK [0][-]{chapter.2}{Smooth Representations of Locally Profinite Groups}{}% 5
\BOOKMARK [1][-]{section.2.1}{Locally profinite groups}{chapter.2}% 6
\BOOKMARK [1][-]{section.2.2}{Smooth representations}{chapter.2}% 7
\BOOKMARK [1][-]{section.2.3}{Irreducible representations and the contragredient}{chapter.2}% 8
\BOOKMARK [1][-]{section.2.4}{Measures}{chapter.2}% 9
\BOOKMARK [1][-]{section.2.5}{The Hecke Algebra}{chapter.2}% 10
\BOOKMARK [1][-]{section.2.6}{Intertwining}{chapter.2}% 11
\BOOKMARK [0][-]{chapter.3}{Irreducible representations of GL\(2,F\)}{}% 12
\BOOKMARK [1][-]{section.3.1}{GL\(n,F\)}{chapter.3}% 13
\BOOKMARK [1][-]{section.3.2}{Structure theory}{chapter.3}% 14
\BOOKMARK [1][-]{section.3.3}{Haar measures}{chapter.3}% 15
\BOOKMARK [1][-]{section.3.4}{Representations of Mirabolic Group}{chapter.3}% 16
\BOOKMARK [1][-]{section.3.5}{Jacquet functor}{chapter.3}% 17
\BOOKMARK [1][-]{section.3.6}{Irreducibility criterion}{chapter.3}% 18
\BOOKMARK [1][-]{section.3.7}{Classification of irreducible representations}{chapter.3}% 19
\BOOKMARK [1][-]{section.3.8}{Cuspidal representations}{chapter.3}% 20
\BOOKMARK [1][-]{section.3.9}{Compact induction and cuspidal representations}{chapter.3}% 21
\BOOKMARK [0][-]{chapter.4}{Orbital Integrals and Nilpotent Orbits}{}% 22
\BOOKMARK [1][-]{section.4.1}{Structure theory}{chapter.4}% 23
\BOOKMARK [1][-]{section.4.2}{Nilpotent orbits}{chapter.4}% 24
\BOOKMARK [1][-]{section.4.3}{Nilpotent elements and Jacobson-Morozov}{chapter.4}% 25
\BOOKMARK [1][-]{section.4.4}{Orbital integrals}{chapter.4}% 26
\BOOKMARK [1][-]{section.4.5}{Fourier transforms}{chapter.4}% 27
\BOOKMARK [1][-]{section.4.6}{Character distribution}{chapter.4}% 28
\BOOKMARK [1][-]{section.4.7}{Homogeneity results}{chapter.4}% 29
\BOOKMARK [1][-]{section.4.8}{Generalised Gelfand-Garaev representations}{chapter.4}% 30
\BOOKMARK [1][-]{section.4.9}{Fourier transforms of nilpotent orbital integrals on generalised Gelfand Graev characters}{chapter.4}% 31
